<?xml version="1.0" encoding="UTF-8"?>
<testsuite xmlns:xsi="http://www.w3.org/2001/XMLSchema-instance" xsi:noNamespaceSchemaLocation="https://maven.apache.org/surefire/maven-surefire-plugin/xsd/surefire-test-report.xsd" name="com.sustainable.commute.CommuteApplicationTests" time="8.441" tests="2" errors="0" skipped="0" failures="0">
  <properties>
[...]
</properties>
  <testcase name="testTimeToStationDisplay" classname="com.sustainable.commute.CommuteApplicationTests" time="0.722"/>
  <testcase name="testHandleError" classname="com.sustainable.commute.CommuteApplicationTests" time="0.399"/>
</testsuite>